# JRE version: Java(TM) SE Runtime Environment (26.0.1+8) (build 26.0.1+8-34)
# Java VM: Java HotSpot(TM) 64-Bit Server VM (26.0.1+8-34, mixed mode, sharing, tiered, compressed oops, compressed class ptrs, g1 gc, windows-amd64)
GC Precious Log:
 CardTable entry size: 512
 Card Set container configuration: InlinePtr #cards 5 size 8 Array Of Cards #cards 10 size 36 Howl #buckets 4 coarsen threshold 1843 Howl Bitmap #cards 512 size 80 coarsen threshold 460 Card regions per heap region 1 cards per card region 2048
 CPUs: 2 total, 2 available
 Memory: 3905M
 Large Page Support: Disabled
 NUMA Support: Disabled
 Compressed Oops: Enabled (32-bit)
 Heap Region Size: 1M
 Heap Min Capacity: 8M
 Heap Initial Capacity: 8M
 Heap Max Capacity: 978M
 Pre-touch: Disabled
 Parallel Workers: 2
 Concurrent Workers: 1
 Concurrent Refinement Workers: 2
 Periodic GC: Disabled
Heap:
 garbage-first heap   total reserved 1001472K, committed 39936K, used 38512K [0x00000000c2e00000, 0x0000000100000000)
  region size 1M, 21 eden (21M), 1 survivor (1M), 9 old (9M), 6 humongous (6M), 0 free (0M)
GC Heap Usage History (20 events):
Event: 1.559 {heap Before GC invocations=8 (full 0):
 garbage-first heap   total reserved 1001472K, committed 13312K, used 9693K [0x00000000c2e00000, 0x0000000100000000)
  region size 1M, 5 eden (5M), 1 survivor (1M), 4 old (4M), 0 humongous (0M), 3 free (3M)
}
Event: 1.561 {heap After GC invocations=9 (full 0):
 garbage-first heap   total reserved 1001472K, committed 13312K, used 4646K [0x00000000c2e00000, 0x0000000100000000)
  region size 1M, 0 eden (0M), 1 survivor (1M), 5 old (5M), 0 humongous (0M), 7 free (7M)
}
Event: 1.838 {heap Before GC invocations=9 (full 0):
 garbage-first heap   total reserved 1001472K, committed 13312K, used 9766K [0x00000000c2e00000, 0x0000000100000000)
  region size 1M, 5 eden (5M), 1 survivor (1M), 5 old (5M), 0 humongous (0M), 2 free (2M)
}
Event: 1.840 {heap After GC invocations=10 (full 0):
 garbage-first heap   total reserved 1001472K, committed 13312K, used 4884K [0x00000000c2e00000, 0x0000000100000000)
  region size 1M, 0 eden (0M), 1 survivor (1M), 5 old (5M), 0 humongous (0M), 7 free (7M)
}
Event: 2.069 {heap Before GC invocations=10 (full 0):
 garbage-first heap   total reserved 1001472K, committed 13312K, used 10004K [0x00000000c2e00000, 0x0000000100000000)
  region size 1M, 5 eden (5M), 1 survivor (1M), 5 old (5M), 0 humongous (0M), 2 free (2M)
}
Event: 2.071 {heap After GC invocations=11 (full 0):
 garbage-first heap   total reserved 1001472K, committed 13312K, used 5199K [0x00000000c2e00000, 0x0000000100000000)
  region size 1M, 0 eden (0M), 1 survivor (1M), 5 old (5M), 0 humongous (0M), 7 free (7M)
}
Event: 2.292 {heap Before GC invocations=11 (full 0):
 garbage-first heap   total reserved 1001472K, committed 13312K, used 10319K [0x00000000c2e00000, 0x0000000100000000)
  region size 1M, 5 eden (5M), 1 survivor (1M), 5 old (5M), 0 humongous (0M), 2 free (2M)
}
Event: 2.294 {heap After GC invocations=12 (full 0):
 garbage-first heap   total reserved 1001472K, committed 13312K, used 5396K [0x00000000c2e00000, 0x0000000100000000)
  region size 1M, 0 eden (0M), 1 survivor (1M), 5 old (5M), 0 humongous (0M), 7 free (7M)
}
Event: 2.476 {heap Before GC invocations=12 (full 0):
 garbage-first heap   total reserved 1001472K, committed 13312K, used 10516K [0x00000000c2e00000, 0x0000000100000000)
  region size 1M, 5 eden (5M), 1 survivor (1M), 5 old (5M), 0 humongous (0M), 2 free (2M)
}
Event: 2.478 {heap After GC invocations=13 (full 0):
 garbage-first heap   total reserved 1001472K, committed 13312K, used 5794K [0x00000000c2e00000, 0x0000000100000000)
  region size 1M, 0 eden (0M), 1 survivor (1M), 5 old (5M), 0 humongous (0M), 7 free (7M)
}
Event: 2.683 {heap Before GC invocations=13 (full 0):
 garbage-first heap   total reserved 1001472K, committed 13312K, used 10914K [0x00000000c2e00000, 0x0000000100000000)
  region size 1M, 5 eden (5M), 1 survivor (1M), 5 old (5M), 0 humongous (0M), 2 free (2M)
}
Event: 2.691 {heap After GC invocations=14 (full 0):
 garbage-first heap   total reserved 1001472K, committed 13312K, used 6379K [0x00000000c2e00000, 0x0000000100000000)
  region size 1M, 0 eden (0M), 1 survivor (1M), 6 old (6M), 0 humongous (0M), 6 free (6M)
}
Event: 2.877 {heap Before GC invocations=14 (full 0):
 garbage-first heap   total reserved 1001472K, committed 13312K, used 10475K [0x00000000c2e00000, 0x0000000100000000)
  region size 1M, 4 eden (4M), 1 survivor (1M), 6 old (6M), 0 humongous (0M), 2 free (2M)
}
Event: 2.880 {heap After GC invocations=15 (full 0):
 garbage-first heap   total reserved 1001472K, committed 13312K, used 6840K [0x00000000c2e00000, 0x0000000100000000)
  region size 1M, 0 eden (0M), 1 survivor (1M), 7 old (7M), 0 humongous (0M), 5 free (5M)
}
Event: 3.051 {heap Before GC invocations=15 (full 0):
 garbage-first heap   total reserved 1001472K, committed 13312K, used 9912K [0x00000000c2e00000, 0x0000000100000000)
  region size 1M, 3 eden (3M), 1 survivor (1M), 7 old (7M), 0 humongous (0M), 2 free (2M)
}
Event: 3.055 {heap After GC invocations=16 (full 0):
 garbage-first heap   total reserved 1001472K, committed 39936K, used 7331K [0x00000000c2e00000, 0x0000000100000000)
  region size 1M, 0 eden (0M), 1 survivor (1M), 7 old (7M), 0 humongous (0M), 31 free (31M)
}
Event: 4.549 {heap Before GC invocations=17 (full 0):
 garbage-first heap   total reserved 1001472K, committed 39936K, used 28835K [0x00000000c2e00000, 0x0000000100000000)
  region size 1M, 22 eden (22M), 1 survivor (1M), 7 old (7M), 0 humongous (0M), 9 free (9M)
}
Event: 4.559 {heap After GC invocations=18 (full 0):
 garbage-first heap   total reserved 1001472K, committed 39936K, used 9388K [0x00000000c2e00000, 0x0000000100000000)
  region size 1M, 0 eden (0M), 3 survivor (3M), 7 old (7M), 0 humongous (0M), 29 free (29M)
}
Event: 5.354 {heap Before GC invocations=18 (full 0):
 garbage-first heap   total reserved 1001472K, committed 39936K, used 29868K [0x00000000c2e00000, 0x0000000100000000)
  region size 1M, 20 eden (20M), 3 survivor (3M), 7 old (7M), 0 humongous (0M), 9 free (9M)
}
Event: 5.364 {heap After GC invocations=19 (full 0):
 garbage-first heap   total reserved 1001472K, committed 39936K, used 10864K [0x00000000c2e00000, 0x0000000100000000)
  region size 1M, 0 eden (0M), 2 survivor (2M), 9 old (9M), 0 humongous (0M), 28 free (28M)
}

