# JRE version: Java(TM) SE Runtime Environment (26.0.1+8) (build 26.0.1+8-34)
# Java VM: Java HotSpot(TM) 64-Bit Server VM (26.0.1+8-34, mixed mode, sharing, tiered, compressed oops, compressed class ptrs, g1 gc, windows-amd64)
GC Precious Log:
 CardTable entry size: 512
 Card Set container configuration: InlinePtr #cards 5 size 8 Array Of Cards #cards 10 size 36 Howl #buckets 4 coarsen threshold 1843 Howl Bitmap #cards 512 size 80 coarsen threshold 460 Card regions per heap region 1 cards per card region 2048
 CPUs: 2 total, 2 available
 Memory: 3905M
 Large Page Support: Disabled
 NUMA Support: Disabled
 Compressed Oops: Enabled (32-bit)
 Heap Region Size: 1M
 Heap Min Capacity: 8M
 Heap Initial Capacity: 8M
 Heap Max Capacity: 978M
 Pre-touch: Disabled
 Parallel Workers: 2
 Concurrent Workers: 1
 Concurrent Refinement Workers: 2
 Periodic GC: Disabled
Heap:
 garbage-first heap   total reserved 1001472K, committed 30720K, used 23045K [0x00000000c2e00000, 0x0000000100000000)
  region size 1M, 6 eden (6M), 2 survivor (2M), 10 old (10M), 6 humongous (6M), 6 free (6M)
GC Heap Usage History (20 events):
Event: 2.005 {heap Before GC invocations=7 (full 0):
 garbage-first heap   total reserved 1001472K, committed 10240K, used 6204K [0x00000000c2e00000, 0x0000000100000000)
  region size 1M, 2 eden (2M), 1 survivor (1M), 5 old (5M), 0 humongous (0M), 2 free (2M)
}
Event: 2.007 {heap After GC invocations=8 (full 0):
 garbage-first heap   total reserved 1001472K, committed 10240K, used 4236K [0x00000000c2e00000, 0x0000000100000000)
  region size 1M, 0 eden (0M), 1 survivor (1M), 4 old (4M), 0 humongous (0M), 5 free (5M)
}
Event: 2.175 {heap Before GC invocations=8 (full 0):
 garbage-first heap   total reserved 1001472K, committed 10240K, used 7308K [0x00000000c2e00000, 0x0000000100000000)
  region size 1M, 3 eden (3M), 1 survivor (1M), 4 old (4M), 0 humongous (0M), 2 free (2M)
}
Event: 2.176 {heap After GC invocations=9 (full 0):
 garbage-first heap   total reserved 1001472K, committed 10240K, used 4445K [0x00000000c2e00000, 0x0000000100000000)
  region size 1M, 0 eden (0M), 1 survivor (1M), 4 old (4M), 0 humongous (0M), 5 free (5M)
}
Event: 2.244 {heap Before GC invocations=10 (full 0):
 garbage-first heap   total reserved 1001472K, committed 10240K, used 7517K [0x00000000c2e00000, 0x0000000100000000)
  region size 1M, 3 eden (3M), 1 survivor (1M), 4 old (4M), 0 humongous (0M), 2 free (2M)
}
Event: 2.246 {heap After GC invocations=11 (full 0):
 garbage-first heap   total reserved 1001472K, committed 10240K, used 4564K [0x00000000c2e00000, 0x0000000100000000)
  region size 1M, 0 eden (0M), 1 survivor (1M), 4 old (4M), 0 humongous (0M), 5 free (5M)
}
Event: 2.378 {heap Before GC invocations=11 (full 0):
 garbage-first heap   total reserved 1001472K, committed 10240K, used 7636K [0x00000000c2e00000, 0x0000000100000000)
  region size 1M, 3 eden (3M), 1 survivor (1M), 4 old (4M), 0 humongous (0M), 2 free (2M)
}
Event: 2.380 {heap After GC invocations=12 (full 0):
 garbage-first heap   total reserved 1001472K, committed 30720K, used 4547K [0x00000000c2e00000, 0x0000000100000000)
  region size 1M, 0 eden (0M), 1 survivor (1M), 4 old (4M), 0 humongous (0M), 25 free (25M)
}
Event: 3.411 {heap Before GC invocations=13 (full 0):
 garbage-first heap   total reserved 1001472K, committed 30720K, used 20931K [0x00000000c2e00000, 0x0000000100000000)
  region size 1M, 17 eden (17M), 1 survivor (1M), 4 old (4M), 0 humongous (0M), 8 free (8M)
}
Event: 3.414 {heap After GC invocations=14 (full 0):
 garbage-first heap   total reserved 1001472K, committed 30720K, used 5431K [0x00000000c2e00000, 0x0000000100000000)
  region size 1M, 0 eden (0M), 2 survivor (2M), 4 old (4M), 0 humongous (0M), 24 free (24M)
}
Event: 4.758 {heap Before GC invocations=14 (full 0):
 garbage-first heap   total reserved 1001472K, committed 30720K, used 21815K [0x00000000c2e00000, 0x0000000100000000)
  region size 1M, 16 eden (16M), 2 survivor (2M), 4 old (4M), 0 humongous (0M), 8 free (8M)
}
Event: 4.767 {heap After GC invocations=15 (full 0):
 garbage-first heap   total reserved 1001472K, committed 30720K, used 7073K [0x00000000c2e00000, 0x0000000100000000)
  region size 1M, 0 eden (0M), 3 survivor (3M), 4 old (4M), 0 humongous (0M), 23 free (23M)
}
Event: 6.460 {heap Before GC invocations=15 (full 0):
 garbage-first heap   total reserved 1001472K, committed 30720K, used 22433K [0x00000000c2e00000, 0x0000000100000000)
  region size 1M, 15 eden (15M), 3 survivor (3M), 4 old (4M), 0 humongous (0M), 8 free (8M)
}
Event: 6.475 {heap After GC invocations=16 (full 0):
 garbage-first heap   total reserved 1001472K, committed 30720K, used 8756K [0x00000000c2e00000, 0x0000000100000000)
  region size 1M, 0 eden (0M), 2 survivor (2M), 7 old (7M), 0 humongous (0M), 21 free (21M)
}
Event: 7.171 {heap Before GC invocations=16 (full 0):
 garbage-first heap   total reserved 1001472K, committed 30720K, used 24116K [0x00000000c2e00000, 0x0000000100000000)
  region size 1M, 16 eden (16M), 2 survivor (2M), 7 old (7M), 0 humongous (0M), 5 free (5M)
}
Event: 7.177 {heap After GC invocations=17 (full 0):
 garbage-first heap   total reserved 1001472K, committed 30720K, used 10060K [0x00000000c2e00000, 0x0000000100000000)
  region size 1M, 0 eden (0M), 3 survivor (3M), 7 old (7M), 0 humongous (0M), 20 free (20M)
}
Event: 8.026 {heap Before GC invocations=17 (full 0):
 garbage-first heap   total reserved 1001472K, committed 30720K, used 25420K [0x00000000c2e00000, 0x0000000100000000)
  region size 1M, 15 eden (15M), 3 survivor (3M), 7 old (7M), 0 humongous (0M), 5 free (5M)
}
Event: 8.033 {heap After GC invocations=18 (full 0):
 garbage-first heap   total reserved 1001472K, committed 30720K, used 10921K [0x00000000c2e00000, 0x0000000100000000)
  region size 1M, 0 eden (0M), 3 survivor (3M), 9 old (9M), 0 humongous (0M), 18 free (18M)
}
Event: 8.770 {heap Before GC invocations=18 (full 0):
 garbage-first heap   total reserved 1001472K, committed 30720K, used 23209K [0x00000000c2e00000, 0x0000000100000000)
  region size 1M, 10 eden (10M), 3 survivor (3M), 9 old (9M), 3 humongous (3M), 5 free (5M)
}
Event: 8.776 {heap After GC invocations=19 (full 0):
 garbage-first heap   total reserved 1001472K, committed 30720K, used 14853K [0x00000000c2e00000, 0x0000000100000000)
  region size 1M, 0 eden (0M), 2 survivor (2M), 10 old (10M), 3 humongous (3M), 15 free (15M)
}

