# JRE version: Java(TM) SE Runtime Environment (26.0.1+8) (build 26.0.1+8-34)
# Java VM: Java HotSpot(TM) 64-Bit Server VM (26.0.1+8-34, mixed mode, sharing, tiered, compressed oops, compressed class ptrs, g1 gc, windows-amd64)
GC Precious Log:
 CardTable entry size: 512
 Card Set container configuration: InlinePtr #cards 5 size 8 Array Of Cards #cards 10 size 36 Howl #buckets 4 coarsen threshold 1843 Howl Bitmap #cards 512 size 80 coarsen threshold 460 Card regions per heap region 1 cards per card region 2048
 CPUs: 2 total, 2 available
 Memory: 3905M
 Large Page Support: Disabled
 NUMA Support: Disabled
 Compressed Oops: Enabled (32-bit)
 Heap Region Size: 1M
 Heap Min Capacity: 8M
 Heap Initial Capacity: 8M
 Heap Max Capacity: 978M
 Pre-touch: Disabled
 Parallel Workers: 2
 Concurrent Workers: 1
 Concurrent Refinement Workers: 2
 Periodic GC: Disabled
Heap:
 garbage-first heap   total reserved 1001472K, committed 33792K, used 19305K [0x00000000c2e00000, 0x0000000100000000)
  region size 1M, 6 eden (6M), 3 survivor (3M), 9 old (9M), 3 humongous (3M), 12 free (12M)
GC Heap Usage History (20 events):
Event: 16.721 {heap Before GC invocations=17 (full 0):
 garbage-first heap   total reserved 1001472K, committed 10240K, used 8094K [0x00000000c2e00000, 0x0000000100000000)
  region size 1M, 3 eden (3M), 1 survivor (1M), 5 old (5M), 0 humongous (0M), 1 free (1M)
}
Event: 16.723 {heap After GC invocations=18 (full 0):
 garbage-first heap   total reserved 1001472K, committed 10240K, used 5101K [0x00000000c2e00000, 0x0000000100000000)
  region size 1M, 0 eden (0M), 1 survivor (1M), 5 old (5M), 0 humongous (0M), 4 free (4M)
}
Event: 16.903 {heap Before GC invocations=19 (full 0):
 garbage-first heap   total reserved 1001472K, committed 10240K, used 8173K [0x00000000c2e00000, 0x0000000100000000)
  region size 1M, 3 eden (3M), 1 survivor (1M), 5 old (5M), 0 humongous (0M), 1 free (1M)
}
Event: 16.906 {heap After GC invocations=20 (full 0):
 garbage-first heap   total reserved 1001472K, committed 10240K, used 5325K [0x00000000c2e00000, 0x0000000100000000)
  region size 1M, 0 eden (0M), 1 survivor (1M), 5 old (5M), 0 humongous (0M), 4 free (4M)
}
Event: 17.102 {heap Before GC invocations=20 (full 0):
 garbage-first heap   total reserved 1001472K, committed 10240K, used 8397K [0x00000000c2e00000, 0x0000000100000000)
  region size 1M, 3 eden (3M), 1 survivor (1M), 5 old (5M), 0 humongous (0M), 1 free (1M)
}
Event: 17.104 {heap After GC invocations=21 (full 0):
 garbage-first heap   total reserved 1001472K, committed 10240K, used 5523K [0x00000000c2e00000, 0x0000000100000000)
  region size 1M, 0 eden (0M), 1 survivor (1M), 5 old (5M), 0 humongous (0M), 4 free (4M)
}
Event: 17.252 {heap Before GC invocations=22 (full 0):
 garbage-first heap   total reserved 1001472K, committed 10240K, used 8595K [0x00000000c2e00000, 0x0000000100000000)
  region size 1M, 3 eden (3M), 1 survivor (1M), 5 old (5M), 0 humongous (0M), 1 free (1M)
}
Event: 17.254 {heap After GC invocations=23 (full 0):
 garbage-first heap   total reserved 1001472K, committed 10240K, used 5859K [0x00000000c2e00000, 0x0000000100000000)
  region size 1M, 0 eden (0M), 1 survivor (1M), 5 old (5M), 0 humongous (0M), 4 free (4M)
}
Event: 17.442 {heap Before GC invocations=23 (full 0):
 garbage-first heap   total reserved 1001472K, committed 10240K, used 8931K [0x00000000c2e00000, 0x0000000100000000)
  region size 1M, 3 eden (3M), 1 survivor (1M), 5 old (5M), 0 humongous (0M), 1 free (1M)
}
Event: 17.448 {heap After GC invocations=24 (full 0):
 garbage-first heap   total reserved 1001472K, committed 11264K, used 6097K [0x00000000c2e00000, 0x0000000100000000)
  region size 1M, 0 eden (0M), 1 survivor (1M), 6 old (6M), 0 humongous (0M), 4 free (4M)
}
Event: 17.702 {heap Before GC invocations=25 (full 0):
 garbage-first heap   total reserved 1001472K, committed 11264K, used 9169K [0x00000000c2e00000, 0x0000000100000000)
  region size 1M, 3 eden (3M), 1 survivor (1M), 6 old (6M), 0 humongous (0M), 1 free (1M)
}
Event: 17.704 {heap After GC invocations=26 (full 0):
 garbage-first heap   total reserved 1001472K, committed 11264K, used 6624K [0x00000000c2e00000, 0x0000000100000000)
  region size 1M, 0 eden (0M), 1 survivor (1M), 6 old (6M), 0 humongous (0M), 4 free (4M)
}
Event: 17.871 {heap Before GC invocations=26 (full 0):
 garbage-first heap   total reserved 1001472K, committed 11264K, used 9696K [0x00000000c2e00000, 0x0000000100000000)
  region size 1M, 3 eden (3M), 1 survivor (1M), 6 old (6M), 0 humongous (0M), 1 free (1M)
}
Event: 17.874 {heap After GC invocations=27 (full 0):
 garbage-first heap   total reserved 1001472K, committed 33792K, used 6897K [0x00000000c2e00000, 0x0000000100000000)
  region size 1M, 0 eden (0M), 1 survivor (1M), 6 old (6M), 0 humongous (0M), 26 free (26M)
}
Event: 19.555 {heap Before GC invocations=28 (full 0):
 garbage-first heap   total reserved 1001472K, committed 33792K, used 24305K [0x00000000c2e00000, 0x0000000100000000)
  region size 1M, 18 eden (18M), 1 survivor (1M), 6 old (6M), 0 humongous (0M), 8 free (8M)
}
Event: 19.566 {heap After GC invocations=29 (full 0):
 garbage-first heap   total reserved 1001472K, committed 33792K, used 8677K [0x00000000c2e00000, 0x0000000100000000)
  region size 1M, 0 eden (0M), 3 survivor (3M), 6 old (6M), 0 humongous (0M), 24 free (24M)
}
Event: 20.806 {heap Before GC invocations=29 (full 0):
 garbage-first heap   total reserved 1001472K, committed 33792K, used 24037K [0x00000000c2e00000, 0x0000000100000000)
  region size 1M, 16 eden (16M), 3 survivor (3M), 6 old (6M), 0 humongous (0M), 8 free (8M)
}
Event: 20.818 {heap After GC invocations=30 (full 0):
 garbage-first heap   total reserved 1001472K, committed 33792K, used 9938K [0x00000000c2e00000, 0x0000000100000000)
  region size 1M, 0 eden (0M), 2 survivor (2M), 9 old (9M), 0 humongous (0M), 22 free (22M)
}
Event: 21.689 {heap Before GC invocations=30 (full 0):
 garbage-first heap   total reserved 1001472K, committed 33792K, used 27346K [0x00000000c2e00000, 0x0000000100000000)
  region size 1M, 17 eden (17M), 2 survivor (2M), 9 old (9M), 0 humongous (0M), 5 free (5M)
}
Event: 21.700 {heap After GC invocations=31 (full 0):
 garbage-first heap   total reserved 1001472K, committed 33792K, used 11113K [0x00000000c2e00000, 0x0000000100000000)
  region size 1M, 0 eden (0M), 3 survivor (3M), 9 old (9M), 0 humongous (0M), 21 free (21M)
}

