# JRE version: Java(TM) SE Runtime Environment (26.0.1+8) (build 26.0.1+8-34)
# Java VM: Java HotSpot(TM) 64-Bit Server VM (26.0.1+8-34, mixed mode, sharing, tiered, compressed oops, compressed class ptrs, g1 gc, windows-amd64)
GC Precious Log:
 CardTable entry size: 512
 Card Set container configuration: InlinePtr #cards 5 size 8 Array Of Cards #cards 10 size 36 Howl #buckets 4 coarsen threshold 1843 Howl Bitmap #cards 512 size 80 coarsen threshold 460 Card regions per heap region 1 cards per card region 2048
 CPUs: 2 total, 2 available
 Memory: 3905M
 Large Page Support: Disabled
 NUMA Support: Disabled
 Compressed Oops: Enabled (32-bit)
 Heap Region Size: 1M
 Heap Min Capacity: 8M
 Heap Initial Capacity: 8M
 Heap Max Capacity: 978M
 Pre-touch: Disabled
 Parallel Workers: 2
 Concurrent Workers: 1
 Concurrent Refinement Workers: 2
 Periodic GC: Disabled
Heap:
 garbage-first heap   total reserved 1001472K, committed 46080K, used 19770K [0x00000000c2e00000, 0x0000000100000000)
  region size 1M, 1 eden (1M), 1 survivor (1M), 16 old (16M), 3 humongous (3M), 24 free (24M)
GC Heap Usage History (20 events):
Event: 24620.800 {heap Before GC invocations=34 (full 0):
 garbage-first heap   total reserved 1001472K, committed 15360K, used 10212K [0x00000000c2e00000, 0x0000000100000000)
  region size 1M, 1 eden (1M), 1 survivor (1M), 9 old (9M), 0 humongous (0M), 4 free (4M)
}
Event: 24620.803 {heap After GC invocations=35 (full 0):
 garbage-first heap   total reserved 1001472K, committed 15360K, used 9375K [0x00000000c2e00000, 0x0000000100000000)
  region size 1M, 0 eden (0M), 1 survivor (1M), 9 old (9M), 0 humongous (0M), 5 free (5M)
}
Event: 24622.043 {heap Before GC invocations=35 (full 0):
 garbage-first heap   total reserved 1001472K, committed 15360K, used 10399K [0x00000000c2e00000, 0x0000000100000000)
  region size 1M, 1 eden (1M), 1 survivor (1M), 9 old (9M), 0 humongous (0M), 4 free (4M)
}
Event: 24622.055 {heap After GC invocations=36 (full 0):
 garbage-first heap   total reserved 1001472K, committed 15360K, used 8983K [0x00000000c2e00000, 0x0000000100000000)
  region size 1M, 0 eden (0M), 1 survivor (1M), 9 old (9M), 0 humongous (0M), 5 free (5M)
}
Event: 24626.726 {heap Before GC invocations=36 (full 0):
 garbage-first heap   total reserved 1001472K, committed 15360K, used 11031K [0x00000000c2e00000, 0x0000000100000000)
  region size 1M, 3 eden (3M), 1 survivor (1M), 9 old (9M), 0 humongous (0M), 2 free (2M)
}
Event: 24626.732 {heap After GC invocations=37 (full 0):
 garbage-first heap   total reserved 1001472K, committed 46080K, used 9084K [0x00000000c2e00000, 0x0000000100000000)
  region size 1M, 0 eden (0M), 1 survivor (1M), 9 old (9M), 0 humongous (0M), 35 free (35M)
}
Event: 24641.205 {heap Before GC invocations=38 (full 0):
 garbage-first heap   total reserved 1001472K, committed 46080K, used 15228K [0x00000000c2e00000, 0x0000000100000000)
  region size 1M, 6 eden (6M), 1 survivor (1M), 9 old (9M), 0 humongous (0M), 29 free (29M)
}
Event: 24641.284 {heap After GC invocations=39 (full 0):
 garbage-first heap   total reserved 1001472K, committed 46080K, used 10036K [0x00000000c2e00000, 0x0000000100000000)
  region size 1M, 0 eden (0M), 1 survivor (1M), 9 old (9M), 0 humongous (0M), 35 free (35M)
}
Event: 24642.079 {heap Before GC invocations=39 (full 0):
 garbage-first heap   total reserved 1001472K, committed 46080K, used 11060K [0x00000000c2e00000, 0x0000000100000000)
  region size 1M, 1 eden (1M), 1 survivor (1M), 9 old (9M), 0 humongous (0M), 34 free (34M)
}
Event: 24642.157 {heap After GC invocations=40 (full 0):
 garbage-first heap   total reserved 1001472K, committed 46080K, used 10180K [0x00000000c2e00000, 0x0000000100000000)
  region size 1M, 0 eden (0M), 1 survivor (1M), 10 old (10M), 0 humongous (0M), 34 free (34M)
}
Event: 24687.557 {heap Before GC invocations=40 (full 0):
 garbage-first heap   total reserved 1001472K, committed 46080K, used 21444K [0x00000000c2e00000, 0x0000000100000000)
  region size 1M, 13 eden (13M), 1 survivor (1M), 10 old (10M), 0 humongous (0M), 21 free (21M)
}
Event: 24687.782 {heap After GC invocations=41 (full 0):
 garbage-first heap   total reserved 1001472K, committed 46080K, used 11089K [0x00000000c2e00000, 0x0000000100000000)
  region size 1M, 0 eden (0M), 2 survivor (2M), 10 old (10M), 0 humongous (0M), 33 free (33M)
}
Event: 24699.105 {heap Before GC invocations=42 (full 0):
 garbage-first heap   total reserved 1001472K, committed 46080K, used 26449K [0x00000000c2e00000, 0x0000000100000000)
  region size 1M, 9 eden (9M), 2 survivor (2M), 10 old (10M), 6 humongous (6M), 18 free (18M)
}
Event: 24699.287 {heap After GC invocations=43 (full 0):
 garbage-first heap   total reserved 1001472K, committed 46080K, used 20763K [0x00000000c2e00000, 0x0000000100000000)
  region size 1M, 0 eden (0M), 2 survivor (2M), 13 old (13M), 6 humongous (6M), 24 free (24M)
}
Event: 24699.702 {heap Before GC invocations=43 (full 0):
 garbage-first heap   total reserved 1001472K, committed 46080K, used 20763K [0x00000000c2e00000, 0x0000000100000000)
  region size 1M, 1 eden (1M), 2 survivor (2M), 13 old (13M), 6 humongous (6M), 23 free (23M)
}
Event: 24699.737 {heap After GC invocations=44 (full 0):
 garbage-first heap   total reserved 1001472K, committed 46080K, used 21162K [0x00000000c2e00000, 0x0000000100000000)
  region size 1M, 0 eden (0M), 1 survivor (1M), 15 old (15M), 6 humongous (6M), 23 free (23M)
}
Event: 24768.081 {heap Before GC invocations=44 (full 0):
 garbage-first heap   total reserved 1001472K, committed 46080K, used 24234K [0x00000000c2e00000, 0x0000000100000000)
  region size 1M, 3 eden (3M), 1 survivor (1M), 15 old (15M), 6 humongous (6M), 20 free (20M)
}
Event: 24768.430 {heap After GC invocations=45 (full 0):
 garbage-first heap   total reserved 1001472K, committed 46080K, used 22329K [0x00000000c2e00000, 0x0000000100000000)
  region size 1M, 0 eden (0M), 1 survivor (1M), 15 old (15M), 6 humongous (6M), 23 free (23M)
}
Event: 24796.760 {heap Before GC invocations=46 (full 0):
 garbage-first heap   total reserved 1001472K, committed 46080K, used 21305K [0x00000000c2e00000, 0x0000000100000000)
  region size 1M, 2 eden (2M), 1 survivor (1M), 15 old (15M), 3 humongous (3M), 24 free (24M)
}
Event: 24797.018 {heap After GC invocations=47 (full 0):
 garbage-first heap   total reserved 1001472K, committed 46080K, used 19727K [0x00000000c2e00000, 0x0000000100000000)
  region size 1M, 0 eden (0M), 1 survivor (1M), 16 old (16M), 3 humongous (3M), 25 free (25M)
}

