# JRE version: Java(TM) SE Runtime Environment (26.0.1+8) (build 26.0.1+8-34)
# Java VM: Java HotSpot(TM) 64-Bit Server VM (26.0.1+8-34, mixed mode, sharing, tiered, compressed oops, compressed class ptrs, g1 gc, windows-amd64)
GC Precious Log:
 CardTable entry size: 512
 Card Set container configuration: InlinePtr #cards 5 size 8 Array Of Cards #cards 10 size 36 Howl #buckets 4 coarsen threshold 1843 Howl Bitmap #cards 512 size 80 coarsen threshold 460 Card regions per heap region 1 cards per card region 2048
 CPUs: 2 total, 2 available
 Memory: 3905M
 Large Page Support: Disabled
 NUMA Support: Disabled
 Compressed Oops: Enabled (32-bit)
 Heap Region Size: 1M
 Heap Min Capacity: 8M
 Heap Initial Capacity: 8M
 Heap Max Capacity: 978M
 Pre-touch: Disabled
 Parallel Workers: 2
 Concurrent Workers: 1
 Concurrent Refinement Workers: 2
 Periodic GC: Disabled
Heap:
 garbage-first heap   total reserved 1001472K, committed 43008K, used 15956K [0x00000000c2e00000, 0x0000000100000000)
  region size 1M, 7 eden (7M), 2 survivor (2M), 9 old (9M), 0 humongous (0M), 24 free (24M)
GC Heap Usage History (20 events):
Event: 23675.471 {heap Before GC invocations=27 (full 0):
 garbage-first heap   total reserved 1001472K, committed 14336K, used 9890K [0x00000000c2e00000, 0x0000000100000000)
  region size 1M, 1 eden (1M), 1 survivor (1M), 9 old (9M), 0 humongous (0M), 3 free (3M)
}
Event: 23675.524 {heap After GC invocations=28 (full 0):
 garbage-first heap   total reserved 1001472K, committed 14336K, used 8311K [0x00000000c2e00000, 0x0000000100000000)
  region size 1M, 0 eden (0M), 1 survivor (1M), 8 old (8M), 0 humongous (0M), 5 free (5M)
}
Event: 23676.343 {heap Before GC invocations=28 (full 0):
 garbage-first heap   total reserved 1001472K, committed 14336K, used 8311K [0x00000000c2e00000, 0x0000000100000000)
  region size 1M, 1 eden (1M), 1 survivor (1M), 8 old (8M), 0 humongous (0M), 4 free (4M)
}
Event: 23676.349 {heap After GC invocations=29 (full 0):
 garbage-first heap   total reserved 1001472K, committed 43008K, used 8316K [0x00000000c2e00000, 0x0000000100000000)
  region size 1M, 0 eden (0M), 1 survivor (1M), 8 old (8M), 0 humongous (0M), 33 free (33M)
}
Event: 23677.907 {heap Before GC invocations=30 (full 0):
 garbage-first heap   total reserved 1001472K, committed 43008K, used 9340K [0x00000000c2e00000, 0x0000000100000000)
  region size 1M, 1 eden (1M), 1 survivor (1M), 8 old (8M), 0 humongous (0M), 32 free (32M)
}
Event: 23677.910 {heap After GC invocations=31 (full 0):
 garbage-first heap   total reserved 1001472K, committed 43008K, used 8629K [0x00000000c2e00000, 0x0000000100000000)
  region size 1M, 0 eden (0M), 1 survivor (1M), 8 old (8M), 0 humongous (0M), 33 free (33M)
}
Event: 23678.240 {heap Before GC invocations=31 (full 0):
 garbage-first heap   total reserved 1001472K, committed 43008K, used 9653K [0x00000000c2e00000, 0x0000000100000000)
  region size 1M, 1 eden (1M), 1 survivor (1M), 8 old (8M), 0 humongous (0M), 32 free (32M)
}
Event: 23678.340 {heap After GC invocations=32 (full 0):
 garbage-first heap   total reserved 1001472K, committed 43008K, used 8546K [0x00000000c2e00000, 0x0000000100000000)
  region size 1M, 0 eden (0M), 1 survivor (1M), 8 old (8M), 0 humongous (0M), 33 free (33M)
}
Event: 23680.201 {heap Before GC invocations=32 (full 0):
 garbage-first heap   total reserved 1001472K, committed 43008K, used 9570K [0x00000000c2e00000, 0x0000000100000000)
  region size 1M, 1 eden (1M), 1 survivor (1M), 8 old (8M), 0 humongous (0M), 32 free (32M)
}
Event: 23680.206 {heap After GC invocations=33 (full 0):
 garbage-first heap   total reserved 1001472K, committed 43008K, used 8450K [0x00000000c2e00000, 0x0000000100000000)
  region size 1M, 0 eden (0M), 1 survivor (1M), 8 old (8M), 0 humongous (0M), 33 free (33M)
}
Event: 23682.508 {heap Before GC invocations=34 (full 0):
 garbage-first heap   total reserved 1001472K, committed 43008K, used 9474K [0x00000000c2e00000, 0x0000000100000000)
  region size 1M, 1 eden (1M), 1 survivor (1M), 8 old (8M), 0 humongous (0M), 32 free (32M)
}
Event: 23682.523 {heap After GC invocations=35 (full 0):
 garbage-first heap   total reserved 1001472K, committed 43008K, used 8424K [0x00000000c2e00000, 0x0000000100000000)
  region size 1M, 0 eden (0M), 1 survivor (1M), 8 old (8M), 0 humongous (0M), 33 free (33M)
}
Event: 23683.350 {heap Before GC invocations=35 (full 0):
 garbage-first heap   total reserved 1001472K, committed 43008K, used 9448K [0x00000000c2e00000, 0x0000000100000000)
  region size 1M, 1 eden (1M), 1 survivor (1M), 8 old (8M), 0 humongous (0M), 32 free (32M)
}
Event: 23683.369 {heap After GC invocations=36 (full 0):
 garbage-first heap   total reserved 1001472K, committed 43008K, used 8277K [0x00000000c2e00000, 0x0000000100000000)
  region size 1M, 0 eden (0M), 1 survivor (1M), 8 old (8M), 0 humongous (0M), 33 free (33M)
}
Event: 23689.530 {heap Before GC invocations=36 (full 0):
 garbage-first heap   total reserved 1001472K, committed 43008K, used 12373K [0x00000000c2e00000, 0x0000000100000000)
  region size 1M, 4 eden (4M), 1 survivor (1M), 8 old (8M), 0 humongous (0M), 29 free (29M)
}
Event: 23689.533 {heap After GC invocations=37 (full 0):
 garbage-first heap   total reserved 1001472K, committed 43008K, used 8827K [0x00000000c2e00000, 0x0000000100000000)
  region size 1M, 0 eden (0M), 1 survivor (1M), 8 old (8M), 0 humongous (0M), 33 free (33M)
}
Event: 23704.849 {heap Before GC invocations=38 (full 0):
 garbage-first heap   total reserved 1001472K, committed 43008K, used 12923K [0x00000000c2e00000, 0x0000000100000000)
  region size 1M, 5 eden (5M), 1 survivor (1M), 8 old (8M), 0 humongous (0M), 28 free (28M)
}
Event: 23704.913 {heap After GC invocations=39 (full 0):
 garbage-first heap   total reserved 1001472K, committed 43008K, used 8904K [0x00000000c2e00000, 0x0000000100000000)
  region size 1M, 0 eden (0M), 1 survivor (1M), 9 old (9M), 0 humongous (0M), 32 free (32M)
}
Event: 23731.323 {heap Before GC invocations=39 (full 0):
 garbage-first heap   total reserved 1001472K, committed 43008K, used 19144K [0x00000000c2e00000, 0x0000000100000000)
  region size 1M, 10 eden (10M), 1 survivor (1M), 9 old (9M), 0 humongous (0M), 22 free (22M)
}
Event: 23731.393 {heap After GC invocations=40 (full 0):
 garbage-first heap   total reserved 1001472K, committed 43008K, used 9812K [0x00000000c2e00000, 0x0000000100000000)
  region size 1M, 0 eden (0M), 2 survivor (2M), 9 old (9M), 0 humongous (0M), 31 free (31M)
}

