# JRE version: Java(TM) SE Runtime Environment (26.0.1+8) (build 26.0.1+8-34)
# Java VM: Java HotSpot(TM) 64-Bit Server VM (26.0.1+8-34, mixed mode, sharing, tiered, compressed oops, compressed class ptrs, g1 gc, windows-amd64)
GC Precious Log:
 CardTable entry size: 512
 Card Set container configuration: InlinePtr #cards 5 size 8 Array Of Cards #cards 10 size 36 Howl #buckets 4 coarsen threshold 1843 Howl Bitmap #cards 512 size 80 coarsen threshold 460 Card regions per heap region 1 cards per card region 2048
 CPUs: 2 total, 2 available
 Memory: 3905M
 Large Page Support: Disabled
 NUMA Support: Disabled
 Compressed Oops: Enabled (32-bit)
 Heap Region Size: 1M
 Heap Min Capacity: 8M
 Heap Initial Capacity: 8M
 Heap Max Capacity: 978M
 Pre-touch: Disabled
 Parallel Workers: 2
 Concurrent Workers: 1
 Concurrent Refinement Workers: 2
 Periodic GC: Disabled
Heap:
 garbage-first heap   total reserved 1001472K, committed 31744K, used 22974K [0x00000000c2e00000, 0x0000000100000000)
  region size 1M, 1 eden (1M), 1 survivor (1M), 16 old (16M), 6 humongous (6M), 7 free (7M)
GC Heap Usage History (20 events):
Event: 6.030 {heap Before GC invocations=15 (full 0):
 garbage-first heap   total reserved 1001472K, committed 19456K, used 14992K [0x00000000c2e00000, 0x0000000100000000)
  region size 1M, 9 eden (9M), 2 survivor (2M), 4 old (4M), 0 humongous (0M), 4 free (4M)
}
Event: 6.035 {heap After GC invocations=16 (full 0):
 garbage-first heap   total reserved 1001472K, committed 19456K, used 6813K [0x00000000c2e00000, 0x0000000100000000)
  region size 1M, 0 eden (0M), 2 survivor (2M), 5 old (5M), 0 humongous (0M), 12 free (12M)
}
Event: 6.903 {heap Before GC invocations=16 (full 0):
 garbage-first heap   total reserved 1001472K, committed 19456K, used 16029K [0x00000000c2e00000, 0x0000000100000000)
  region size 1M, 9 eden (9M), 2 survivor (2M), 5 old (5M), 0 humongous (0M), 3 free (3M)
}
Event: 6.910 {heap After GC invocations=17 (full 0):
 garbage-first heap   total reserved 1001472K, committed 19456K, used 7557K [0x00000000c2e00000, 0x0000000100000000)
  region size 1M, 0 eden (0M), 2 survivor (2M), 6 old (6M), 0 humongous (0M), 11 free (11M)
}
Event: 8.506 {heap Before GC invocations=17 (full 0):
 garbage-first heap   total reserved 1001472K, committed 19456K, used 15749K [0x00000000c2e00000, 0x0000000100000000)
  region size 1M, 8 eden (8M), 2 survivor (2M), 6 old (6M), 0 humongous (0M), 3 free (3M)
}
Event: 8.512 {heap After GC invocations=18 (full 0):
 garbage-first heap   total reserved 1001472K, committed 19456K, used 8607K [0x00000000c2e00000, 0x0000000100000000)
  region size 1M, 0 eden (0M), 2 survivor (2M), 7 old (7M), 0 humongous (0M), 10 free (10M)
}
Event: 9.068 {heap Before GC invocations=18 (full 0):
 garbage-first heap   total reserved 1001472K, committed 19456K, used 15775K [0x00000000c2e00000, 0x0000000100000000)
  region size 1M, 7 eden (7M), 2 survivor (2M), 7 old (7M), 0 humongous (0M), 3 free (3M)
}
Event: 9.075 {heap After GC invocations=19 (full 0):
 garbage-first heap   total reserved 1001472K, committed 19456K, used 9341K [0x00000000c2e00000, 0x0000000100000000)
  region size 1M, 0 eden (0M), 2 survivor (2M), 8 old (8M), 0 humongous (0M), 9 free (9M)
}
Event: 9.452 {heap Before GC invocations=19 (full 0):
 garbage-first heap   total reserved 1001472K, committed 19456K, used 15485K [0x00000000c2e00000, 0x0000000100000000)
  region size 1M, 7 eden (7M), 2 survivor (2M), 8 old (8M), 0 humongous (0M), 2 free (2M)
}
Event: 9.460 {heap After GC invocations=20 (full 0):
 garbage-first heap   total reserved 1001472K, committed 20480K, used 9991K [0x00000000c2e00000, 0x0000000100000000)
  region size 1M, 0 eden (0M), 2 survivor (2M), 9 old (9M), 0 humongous (0M), 9 free (9M)
}
Event: 9.799 {heap Before GC invocations=20 (full 0):
 garbage-first heap   total reserved 1001472K, committed 20480K, used 17159K [0x00000000c2e00000, 0x0000000100000000)
  region size 1M, 7 eden (7M), 2 survivor (2M), 9 old (9M), 0 humongous (0M), 2 free (2M)
}
Event: 9.802 {heap After GC invocations=21 (full 0):
 garbage-first heap   total reserved 1001472K, committed 21504K, used 10449K [0x00000000c2e00000, 0x0000000100000000)
  region size 1M, 0 eden (0M), 2 survivor (2M), 10 old (10M), 0 humongous (0M), 9 free (9M)
}
Event: 10.056 {heap Before GC invocations=21 (full 0):
 garbage-first heap   total reserved 1001472K, committed 21504K, used 17617K [0x00000000c2e00000, 0x0000000100000000)
  region size 1M, 7 eden (7M), 2 survivor (2M), 10 old (10M), 0 humongous (0M), 2 free (2M)
}
Event: 10.059 {heap After GC invocations=22 (full 0):
 garbage-first heap   total reserved 1001472K, committed 21504K, used 11348K [0x00000000c2e00000, 0x0000000100000000)
  region size 1M, 0 eden (0M), 2 survivor (2M), 10 old (10M), 0 humongous (0M), 9 free (9M)
}
Event: 10.351 {heap Before GC invocations=22 (full 0):
 garbage-first heap   total reserved 1001472K, committed 21504K, used 18516K [0x00000000c2e00000, 0x0000000100000000)
  region size 1M, 7 eden (7M), 2 survivor (2M), 10 old (10M), 0 humongous (0M), 2 free (2M)
}
Event: 10.355 {heap After GC invocations=23 (full 0):
 garbage-first heap   total reserved 1001472K, committed 22528K, used 11626K [0x00000000c2e00000, 0x0000000100000000)
  region size 1M, 0 eden (0M), 2 survivor (2M), 11 old (11M), 0 humongous (0M), 9 free (9M)
}
Event: 10.640 {heap Before GC invocations=23 (full 0):
 garbage-first heap   total reserved 1001472K, committed 22528K, used 13674K [0x00000000c2e00000, 0x0000000100000000)
  region size 1M, 3 eden (3M), 2 survivor (2M), 11 old (11M), 0 humongous (0M), 6 free (6M)
}
Event: 10.644 {heap After GC invocations=24 (full 0):
 garbage-first heap   total reserved 1001472K, committed 22528K, used 11988K [0x00000000c2e00000, 0x0000000100000000)
  region size 1M, 0 eden (0M), 1 survivor (1M), 11 old (11M), 0 humongous (0M), 10 free (10M)
}
Event: 10.836 {heap Before GC invocations=25 (full 0):
 garbage-first heap   total reserved 1001472K, committed 25600K, used 25300K [0x00000000c2e00000, 0x0000000100000000)
  region size 1M, 7 eden (7M), 1 survivor (1M), 11 old (11M), 6 humongous (6M), 0 free (0M)
}
Event: 10.841 {heap After GC invocations=26 (full 0):
 garbage-first heap   total reserved 1001472K, committed 28672K, used 19896K [0x00000000c2e00000, 0x0000000100000000)
  region size 1M, 0 eden (0M), 2 survivor (2M), 12 old (12M), 6 humongous (6M), 8 free (8M)
}

