# JRE version: Java(TM) SE Runtime Environment (26.0.1+8) (build 26.0.1+8-34)
# Java VM: Java HotSpot(TM) 64-Bit Server VM (26.0.1+8-34, mixed mode, sharing, tiered, compressed oops, compressed class ptrs, g1 gc, windows-amd64)
GC Precious Log:
 CardTable entry size: 512
 Card Set container configuration: InlinePtr #cards 5 size 8 Array Of Cards #cards 10 size 36 Howl #buckets 4 coarsen threshold 1843 Howl Bitmap #cards 512 size 80 coarsen threshold 460 Card regions per heap region 1 cards per card region 2048
 CPUs: 2 total, 2 available
 Memory: 3905M
 Large Page Support: Disabled
 NUMA Support: Disabled
 Compressed Oops: Enabled (32-bit)
 Heap Region Size: 1M
 Heap Min Capacity: 8M
 Heap Initial Capacity: 8M
 Heap Max Capacity: 978M
 Pre-touch: Disabled
 Parallel Workers: 2
 Concurrent Workers: 1
 Concurrent Refinement Workers: 2
 Periodic GC: Disabled
Heap:
 garbage-first heap   total reserved 1001472K, committed 21504K, used 9695K [0x00000000c2e00000, 0x0000000100000000)
  region size 1M, 1 eden (1M), 1 survivor (1M), 10 old (10M), 0 humongous (0M), 9 free (9M)
GC Heap Usage History (20 events):
Event: 24690.934 {heap Before GC invocations=16 (full 0):
 garbage-first heap   total reserved 1001472K, committed 30720K, used 9828K [0x00000000c2e00000, 0x0000000100000000)
  region size 1M, 1 eden (1M), 2 survivor (2M), 7 old (7M), 0 humongous (0M), 20 free (20M)
}
Event: 24691.373 {heap After GC invocations=17 (full 0):
 garbage-first heap   total reserved 1001472K, committed 30720K, used 9120K [0x00000000c2e00000, 0x0000000100000000)
  region size 1M, 0 eden (0M), 1 survivor (1M), 9 old (9M), 0 humongous (0M), 20 free (20M)
}
Event: 24697.759 {heap Before GC invocations=17 (full 0):
 garbage-first heap   total reserved 1001472K, committed 30720K, used 10144K [0x00000000c2e00000, 0x0000000100000000)
  region size 1M, 1 eden (1M), 1 survivor (1M), 9 old (9M), 0 humongous (0M), 19 free (19M)
}
Event: 24697.828 {heap After GC invocations=18 (full 0):
 garbage-first heap   total reserved 1001472K, committed 30720K, used 8949K [0x00000000c2e00000, 0x0000000100000000)
  region size 1M, 0 eden (0M), 1 survivor (1M), 9 old (9M), 0 humongous (0M), 20 free (20M)
}
Event: 24705.194 {heap Before GC invocations=18 (full 0):
 garbage-first heap   total reserved 1001472K, committed 30720K, used 9973K [0x00000000c2e00000, 0x0000000100000000)
  region size 1M, 1 eden (1M), 1 survivor (1M), 9 old (9M), 0 humongous (0M), 19 free (19M)
}
Event: 24705.299 {heap After GC invocations=19 (full 0):
 garbage-first heap   total reserved 1001472K, committed 30720K, used 9014K [0x00000000c2e00000, 0x0000000100000000)
  region size 1M, 0 eden (0M), 1 survivor (1M), 9 old (9M), 0 humongous (0M), 20 free (20M)
}
Event: 24709.299 {heap Before GC invocations=19 (full 0):
 garbage-first heap   total reserved 1001472K, committed 30720K, used 9014K [0x00000000c2e00000, 0x0000000100000000)
  region size 1M, 1 eden (1M), 1 survivor (1M), 9 old (9M), 0 humongous (0M), 19 free (19M)
}
Event: 24709.371 {heap After GC invocations=20 (full 0):
 garbage-first heap   total reserved 1001472K, committed 30720K, used 9129K [0x00000000c2e00000, 0x0000000100000000)
  region size 1M, 0 eden (0M), 1 survivor (1M), 9 old (9M), 0 humongous (0M), 20 free (20M)
}
Event: 24712.748 {heap Before GC invocations=20 (full 0):
 garbage-first heap   total reserved 1001472K, committed 30720K, used 10153K [0x00000000c2e00000, 0x0000000100000000)
  region size 1M, 1 eden (1M), 1 survivor (1M), 9 old (9M), 0 humongous (0M), 19 free (19M)
}
Event: 24712.773 {heap After GC invocations=21 (full 0):
 garbage-first heap   total reserved 1001472K, committed 30720K, used 9243K [0x00000000c2e00000, 0x0000000100000000)
  region size 1M, 0 eden (0M), 1 survivor (1M), 9 old (9M), 0 humongous (0M), 20 free (20M)
}
Event: 24716.311 {heap Before GC invocations=21 (full 0):
 garbage-first heap   total reserved 1001472K, committed 30720K, used 9243K [0x00000000c2e00000, 0x0000000100000000)
  region size 1M, 1 eden (1M), 1 survivor (1M), 9 old (9M), 0 humongous (0M), 19 free (19M)
}
Event: 24716.382 {heap After GC invocations=22 (full 0):
 garbage-first heap   total reserved 1001472K, committed 30720K, used 9311K [0x00000000c2e00000, 0x0000000100000000)
  region size 1M, 0 eden (0M), 1 survivor (1M), 9 old (9M), 0 humongous (0M), 20 free (20M)
}
Event: 24718.082 {heap Before GC invocations=22 (full 0):
 garbage-first heap   total reserved 1001472K, committed 30720K, used 10335K [0x00000000c2e00000, 0x0000000100000000)
  region size 1M, 1 eden (1M), 1 survivor (1M), 9 old (9M), 0 humongous (0M), 19 free (19M)
}
Event: 24718.116 {heap After GC invocations=23 (full 0):
 garbage-first heap   total reserved 1001472K, committed 21504K, used 9426K [0x00000000c2e00000, 0x0000000100000000)
  region size 1M, 0 eden (0M), 1 survivor (1M), 9 old (9M), 0 humongous (0M), 11 free (11M)
}
Event: 24725.803 {heap Before GC invocations=23 (full 0):
 garbage-first heap   total reserved 1001472K, committed 21504K, used 10450K [0x00000000c2e00000, 0x0000000100000000)
  region size 1M, 1 eden (1M), 1 survivor (1M), 9 old (9M), 0 humongous (0M), 10 free (10M)
}
Event: 24725.837 {heap After GC invocations=24 (full 0):
 garbage-first heap   total reserved 1001472K, committed 21504K, used 9620K [0x00000000c2e00000, 0x0000000100000000)
  region size 1M, 0 eden (0M), 1 survivor (1M), 10 old (10M), 0 humongous (0M), 10 free (10M)
}
Event: 24754.899 {heap Before GC invocations=24 (full 0):
 garbage-first heap   total reserved 1001472K, committed 21504K, used 10644K [0x00000000c2e00000, 0x0000000100000000)
  region size 1M, 1 eden (1M), 1 survivor (1M), 10 old (10M), 0 humongous (0M), 9 free (9M)
}
Event: 24756.254 {heap After GC invocations=25 (full 0):
 garbage-first heap   total reserved 1001472K, committed 21504K, used 9806K [0x00000000c2e00000, 0x0000000100000000)
  region size 1M, 0 eden (0M), 1 survivor (1M), 10 old (10M), 0 humongous (0M), 10 free (10M)
}
Event: 24794.581 {heap Before GC invocations=25 (full 0):
 garbage-first heap   total reserved 1001472K, committed 21504K, used 9806K [0x00000000c2e00000, 0x0000000100000000)
  region size 1M, 1 eden (1M), 1 survivor (1M), 10 old (10M), 0 humongous (0M), 9 free (9M)
}
Event: 24794.887 {heap After GC invocations=26 (full 0):
 garbage-first heap   total reserved 1001472K, committed 21504K, used 9695K [0x00000000c2e00000, 0x0000000100000000)
  region size 1M, 0 eden (0M), 1 survivor (1M), 10 old (10M), 0 humongous (0M), 10 free (10M)
}

