# JRE version: Java(TM) SE Runtime Environment (26.0.1+8) (build 26.0.1+8-34)
# Java VM: Java HotSpot(TM) 64-Bit Server VM (26.0.1+8-34, mixed mode, sharing, tiered, compressed oops, compressed class ptrs, g1 gc, windows-amd64)
GC Precious Log:
 CardTable entry size: 512
 Card Set container configuration: InlinePtr #cards 5 size 8 Array Of Cards #cards 10 size 36 Howl #buckets 4 coarsen threshold 1843 Howl Bitmap #cards 512 size 80 coarsen threshold 460 Card regions per heap region 1 cards per card region 2048
 CPUs: 2 total, 2 available
 Memory: 3905M
 Large Page Support: Disabled
 NUMA Support: Disabled
 Compressed Oops: Enabled (32-bit)
 Heap Region Size: 1M
 Heap Min Capacity: 8M
 Heap Initial Capacity: 8M
 Heap Max Capacity: 978M
 Pre-touch: Disabled
 Parallel Workers: 2
 Concurrent Workers: 1
 Concurrent Refinement Workers: 2
 Periodic GC: Disabled
Heap:
 garbage-first heap   total reserved 1001472K, committed 46080K, used 29985K [0x00000000c2e00000, 0x0000000100000000)
  region size 1M, 15 eden (15M), 1 survivor (1M), 10 old (10M), 6 humongous (6M), 13 free (13M)
GC Heap Usage History (20 events):
Event: 124892.236 {heap Before GC invocations=31 (full 0):
 garbage-first heap   total reserved 1001472K, committed 14336K, used 11872K [0x00000000c2e00000, 0x0000000100000000)
  region size 1M, 3 eden (3M), 1 survivor (1M), 9 old (9M), 0 humongous (0M), 1 free (1M)
}
Event: 124892.284 {heap After GC invocations=32 (full 0):
 garbage-first heap   total reserved 1001472K, committed 46080K, used 7945K [0x00000000c2e00000, 0x0000000100000000)
  region size 1M, 0 eden (0M), 1 survivor (1M), 7 old (7M), 0 humongous (0M), 37 free (37M)
}
Event: 124893.432 {heap Before GC invocations=32 (full 0):
 garbage-first heap   total reserved 1001472K, committed 46080K, used 8969K [0x00000000c2e00000, 0x0000000100000000)
  region size 1M, 1 eden (1M), 1 survivor (1M), 7 old (7M), 0 humongous (0M), 36 free (36M)
}
Event: 124893.499 {heap After GC invocations=33 (full 0):
 garbage-first heap   total reserved 1001472K, committed 46080K, used 8110K [0x00000000c2e00000, 0x0000000100000000)
  region size 1M, 0 eden (0M), 1 survivor (1M), 8 old (8M), 0 humongous (0M), 36 free (36M)
}
Event: 124894.603 {heap Before GC invocations=33 (full 0):
 garbage-first heap   total reserved 1001472K, committed 46080K, used 9134K [0x00000000c2e00000, 0x0000000100000000)
  region size 1M, 1 eden (1M), 1 survivor (1M), 8 old (8M), 0 humongous (0M), 35 free (35M)
}
Event: 124894.638 {heap After GC invocations=34 (full 0):
 garbage-first heap   total reserved 1001472K, committed 46080K, used 8377K [0x00000000c2e00000, 0x0000000100000000)
  region size 1M, 0 eden (0M), 1 survivor (1M), 8 old (8M), 0 humongous (0M), 36 free (36M)
}
Event: 124896.525 {heap Before GC invocations=34 (full 0):
 garbage-first heap   total reserved 1001472K, committed 46080K, used 9401K [0x00000000c2e00000, 0x0000000100000000)
  region size 1M, 1 eden (1M), 1 survivor (1M), 8 old (8M), 0 humongous (0M), 35 free (35M)
}
Event: 124896.535 {heap After GC invocations=35 (full 0):
 garbage-first heap   total reserved 1001472K, committed 46080K, used 8404K [0x00000000c2e00000, 0x0000000100000000)
  region size 1M, 0 eden (0M), 1 survivor (1M), 8 old (8M), 0 humongous (0M), 36 free (36M)
}
Event: 124898.295 {heap Before GC invocations=35 (full 0):
 garbage-first heap   total reserved 1001472K, committed 46080K, used 9428K [0x00000000c2e00000, 0x0000000100000000)
  region size 1M, 1 eden (1M), 1 survivor (1M), 8 old (8M), 0 humongous (0M), 35 free (35M)
}
Event: 124898.317 {heap After GC invocations=36 (full 0):
 garbage-first heap   total reserved 1001472K, committed 46080K, used 8504K [0x00000000c2e00000, 0x0000000100000000)
  region size 1M, 0 eden (0M), 1 survivor (1M), 8 old (8M), 0 humongous (0M), 36 free (36M)
}
Event: 124901.918 {heap Before GC invocations=36 (full 0):
 garbage-first heap   total reserved 1001472K, committed 46080K, used 9528K [0x00000000c2e00000, 0x0000000100000000)
  region size 1M, 2 eden (2M), 1 survivor (1M), 8 old (8M), 0 humongous (0M), 34 free (34M)
}
Event: 124901.957 {heap After GC invocations=37 (full 0):
 garbage-first heap   total reserved 1001472K, committed 46080K, used 8574K [0x00000000c2e00000, 0x0000000100000000)
  region size 1M, 0 eden (0M), 1 survivor (1M), 8 old (8M), 0 humongous (0M), 36 free (36M)
}
Event: 124907.377 {heap Before GC invocations=37 (full 0):
 garbage-first heap   total reserved 1001472K, committed 46080K, used 12670K [0x00000000c2e00000, 0x0000000100000000)
  region size 1M, 4 eden (4M), 1 survivor (1M), 8 old (8M), 0 humongous (0M), 32 free (32M)
}
Event: 124907.382 {heap After GC invocations=38 (full 0):
 garbage-first heap   total reserved 1001472K, committed 46080K, used 9042K [0x00000000c2e00000, 0x0000000100000000)
  region size 1M, 0 eden (0M), 1 survivor (1M), 8 old (8M), 0 humongous (0M), 36 free (36M)
}
Event: 124928.155 {heap Before GC invocations=38 (full 0):
 garbage-first heap   total reserved 1001472K, committed 46080K, used 14162K [0x00000000c2e00000, 0x0000000100000000)
  region size 1M, 5 eden (5M), 1 survivor (1M), 8 old (8M), 0 humongous (0M), 31 free (31M)
}
Event: 124928.247 {heap After GC invocations=39 (full 0):
 garbage-first heap   total reserved 1001472K, committed 46080K, used 9162K [0x00000000c2e00000, 0x0000000100000000)
  region size 1M, 0 eden (0M), 1 survivor (1M), 9 old (9M), 0 humongous (0M), 35 free (35M)
}
Event: 124976.334 {heap Before GC invocations=39 (full 0):
 garbage-first heap   total reserved 1001472K, committed 46080K, used 19402K [0x00000000c2e00000, 0x0000000100000000)
  region size 1M, 11 eden (11M), 1 survivor (1M), 9 old (9M), 0 humongous (0M), 24 free (24M)
}
Event: 124976.416 {heap After GC invocations=40 (full 0):
 garbage-first heap   total reserved 1001472K, committed 46080K, used 10138K [0x00000000c2e00000, 0x0000000100000000)
  region size 1M, 0 eden (0M), 2 survivor (2M), 9 old (9M), 0 humongous (0M), 34 free (34M)
}
Event: 124996.280 {heap Before GC invocations=40 (full 0):
 garbage-first heap   total reserved 1001472K, committed 46080K, used 13210K [0x00000000c2e00000, 0x0000000100000000)
  region size 1M, 3 eden (3M), 2 survivor (2M), 9 old (9M), 0 humongous (0M), 31 free (31M)
}
Event: 124996.465 {heap After GC invocations=41 (full 0):
 garbage-first heap   total reserved 1001472K, committed 46080K, used 10529K [0x00000000c2e00000, 0x0000000100000000)
  region size 1M, 0 eden (0M), 1 survivor (1M), 10 old (10M), 0 humongous (0M), 34 free (34M)
}

