# JRE version: Java(TM) SE Runtime Environment (26.0.1+8) (build 26.0.1+8-34)
# Java VM: Java HotSpot(TM) 64-Bit Server VM (26.0.1+8-34, mixed mode, sharing, tiered, compressed oops, compressed class ptrs, g1 gc, windows-amd64)
GC Precious Log:
 CardTable entry size: 512
 Card Set container configuration: InlinePtr #cards 5 size 8 Array Of Cards #cards 10 size 36 Howl #buckets 4 coarsen threshold 1843 Howl Bitmap #cards 512 size 80 coarsen threshold 460 Card regions per heap region 1 cards per card region 2048
 CPUs: 2 total, 2 available
 Memory: 3905M
 Large Page Support: Disabled
 NUMA Support: Disabled
 Compressed Oops: Enabled (32-bit)
 Heap Region Size: 1M
 Heap Min Capacity: 8M
 Heap Initial Capacity: 8M
 Heap Max Capacity: 978M
 Pre-touch: Disabled
 Parallel Workers: 2
 Concurrent Workers: 1
 Concurrent Refinement Workers: 2
 Periodic GC: Disabled
Heap:
 garbage-first heap   total reserved 1001472K, committed 40960K, used 25526K [0x00000000c2e00000, 0x0000000100000000)
  region size 1M, 0 eden (0M), 1 survivor (1M), 19 old (19M), 6 humongous (6M), 14 free (14M)
GC Heap Usage History (20 events):
Event: 124993.457 {heap After GC invocations=36 (full 0):
 garbage-first heap   total reserved 1001472K, committed 40960K, used 8747K [0x00000000c2e00000, 0x0000000100000000)
  region size 1M, 0 eden (0M), 1 survivor (1M), 8 old (8M), 0 humongous (0M), 31 free (31M)
}
Event: 124994.389 {heap Before GC invocations=36 (full 0):
 garbage-first heap   total reserved 1001472K, committed 40960K, used 9771K [0x00000000c2e00000, 0x0000000100000000)
  region size 1M, 1 eden (1M), 1 survivor (1M), 8 old (8M), 0 humongous (0M), 30 free (30M)
}
Event: 124994.418 {heap After GC invocations=37 (full 0):
 garbage-first heap   total reserved 1001472K, committed 40960K, used 8732K [0x00000000c2e00000, 0x0000000100000000)
  region size 1M, 0 eden (0M), 1 survivor (1M), 9 old (9M), 0 humongous (0M), 30 free (30M)
}
Event: 124997.700 {heap Before GC invocations=37 (full 0):
 garbage-first heap   total reserved 1001472K, committed 40960K, used 11804K [0x00000000c2e00000, 0x0000000100000000)
  region size 1M, 3 eden (3M), 1 survivor (1M), 9 old (9M), 0 humongous (0M), 27 free (27M)
}
Event: 124997.704 {heap After GC invocations=38 (full 0):
 garbage-first heap   total reserved 1001472K, committed 40960K, used 8863K [0x00000000c2e00000, 0x0000000100000000)
  region size 1M, 0 eden (0M), 1 survivor (1M), 9 old (9M), 0 humongous (0M), 30 free (30M)
}
Event: 125003.302 {heap Before GC invocations=38 (full 0):
 garbage-first heap   total reserved 1001472K, committed 40960K, used 12959K [0x00000000c2e00000, 0x0000000100000000)
  region size 1M, 4 eden (4M), 1 survivor (1M), 9 old (9M), 0 humongous (0M), 26 free (26M)
}
Event: 125003.324 {heap After GC invocations=39 (full 0):
 garbage-first heap   total reserved 1001472K, committed 40960K, used 9382K [0x00000000c2e00000, 0x0000000100000000)
  region size 1M, 0 eden (0M), 1 survivor (1M), 9 old (9M), 0 humongous (0M), 30 free (30M)
}
Event: 125013.637 {heap Before GC invocations=39 (full 0):
 garbage-first heap   total reserved 1001472K, committed 40960K, used 14502K [0x00000000c2e00000, 0x0000000100000000)
  region size 1M, 5 eden (5M), 1 survivor (1M), 9 old (9M), 0 humongous (0M), 25 free (25M)
}
Event: 125013.680 {heap After GC invocations=40 (full 0):
 garbage-first heap   total reserved 1001472K, committed 40960K, used 9521K [0x00000000c2e00000, 0x0000000100000000)
  region size 1M, 0 eden (0M), 1 survivor (1M), 9 old (9M), 0 humongous (0M), 30 free (30M)
}
Event: 125043.368 {heap Before GC invocations=40 (full 0):
 garbage-first heap   total reserved 1001472K, committed 40960K, used 24881K [0x00000000c2e00000, 0x0000000100000000)
  region size 1M, 16 eden (16M), 1 survivor (1M), 9 old (9M), 0 humongous (0M), 14 free (14M)
}
Event: 125043.481 {heap After GC invocations=41 (full 0):
 garbage-first heap   total reserved 1001472K, committed 40960K, used 11040K [0x00000000c2e00000, 0x0000000100000000)
  region size 1M, 0 eden (0M), 3 survivor (3M), 9 old (9M), 0 humongous (0M), 28 free (28M)
}
Event: 125051.420 {heap Before GC invocations=41 (full 0):
 garbage-first heap   total reserved 1001472K, committed 40960K, used 16160K [0x00000000c2e00000, 0x0000000100000000)
  region size 1M, 2 eden (2M), 3 survivor (3M), 9 old (9M), 3 humongous (3M), 23 free (23M)
}
Event: 125051.642 {heap After GC invocations=42 (full 0):
 garbage-first heap   total reserved 1001472K, committed 40960K, used 15001K [0x00000000c2e00000, 0x0000000100000000)
  region size 1M, 0 eden (0M), 1 survivor (1M), 11 old (11M), 3 humongous (3M), 25 free (25M)
}
Event: 125071.212 {heap Before GC invocations=42 (full 0):
 garbage-first heap   total reserved 1001472K, committed 40960K, used 33433K [0x00000000c2e00000, 0x0000000100000000)
  region size 1M, 16 eden (16M), 1 survivor (1M), 11 old (11M), 6 humongous (6M), 6 free (6M)
}
Event: 125071.307 {heap After GC invocations=43 (full 0):
 garbage-first heap   total reserved 1001472K, committed 40960K, used 23237K [0x00000000c2e00000, 0x0000000100000000)
  region size 1M, 0 eden (0M), 3 survivor (3M), 14 old (14M), 6 humongous (6M), 17 free (17M)
}
Event: 125071.317 {heap Before GC invocations=43 (full 0):
 garbage-first heap   total reserved 1001472K, committed 40960K, used 23237K [0x00000000c2e00000, 0x0000000100000000)
  region size 1M, 1 eden (1M), 3 survivor (3M), 14 old (14M), 6 humongous (6M), 16 free (16M)
}
Event: 125071.334 {heap After GC invocations=44 (full 0):
 garbage-first heap   total reserved 1001472K, committed 40960K, used 23968K [0x00000000c2e00000, 0x0000000100000000)
  region size 1M, 0 eden (0M), 1 survivor (1M), 17 old (17M), 6 humongous (6M), 16 free (16M)
}
Event: 125096.608 {heap Before GC invocations=45 (full 0):
 garbage-first heap   total reserved 1001472K, committed 40960K, used 34208K [0x00000000c2e00000, 0x0000000100000000)
  region size 1M, 10 eden (10M), 1 survivor (1M), 17 old (17M), 6 humongous (6M), 6 free (6M)
}
Event: 125096.653 {heap After GC invocations=46 (full 0):
 garbage-first heap   total reserved 1001472K, committed 40960K, used 25231K [0x00000000c2e00000, 0x0000000100000000)
  region size 1M, 0 eden (0M), 2 survivor (2M), 17 old (17M), 6 humongous (6M), 15 free (15M)
}
Event: 125119.262 {heap Before GC invocations=46 (full 0):
 garbage-first heap   total reserved 1001472K, committed 40960K, used 34447K [0x00000000c2e00000, 0x0000000100000000)
  region size 1M, 9 eden (9M), 2 survivor (2M), 17 old (17M), 6 humongous (6M), 6 free (6M)
}

