# JRE version: Java(TM) SE Runtime Environment (26.0.1+8) (build 26.0.1+8-34)
# Java VM: Java HotSpot(TM) 64-Bit Server VM (26.0.1+8-34, mixed mode, sharing, tiered, compressed oops, compressed class ptrs, g1 gc, windows-amd64)
GC Precious Log:
 CardTable entry size: 512
 Card Set container configuration: InlinePtr #cards 5 size 8 Array Of Cards #cards 10 size 36 Howl #buckets 4 coarsen threshold 1843 Howl Bitmap #cards 512 size 80 coarsen threshold 460 Card regions per heap region 1 cards per card region 2048
 CPUs: 2 total, 2 available
 Memory: 3905M
 Large Page Support: Disabled
 NUMA Support: Disabled
 Compressed Oops: Enabled (32-bit)
 Heap Region Size: 1M
 Heap Min Capacity: 8M
 Heap Initial Capacity: 8M
 Heap Max Capacity: 978M
 Pre-touch: Disabled
 Parallel Workers: 2
 Concurrent Workers: 1
 Concurrent Refinement Workers: 2
 Periodic GC: Disabled
Heap:
 garbage-first heap   total reserved 1001472K, committed 92160K, used 26658K [0x00000000c2e00000, 0x0000000100000000)
  region size 1M, 0 eden (0M), 1 survivor (1M), 20 old (20M), 6 humongous (6M), 63 free (63M)
GC Heap Usage History (20 events):
Event: 131966.508 {heap After GC invocations=23 (full 0):
 garbage-first heap   total reserved 1001472K, committed 92160K, used 10005K [0x00000000c2e00000, 0x0000000100000000)
  region size 1M, 0 eden (0M), 1 survivor (1M), 10 old (10M), 0 humongous (0M), 79 free (79M)
}
Event: 131971.594 {heap Before GC invocations=23 (full 0):
 garbage-first heap   total reserved 1001472K, committed 92160K, used 13077K [0x00000000c2e00000, 0x0000000100000000)
  region size 1M, 3 eden (3M), 1 survivor (1M), 10 old (10M), 0 humongous (0M), 76 free (76M)
}
Event: 131971.623 {heap After GC invocations=24 (full 0):
 garbage-first heap   total reserved 1001472K, committed 92160K, used 9889K [0x00000000c2e00000, 0x0000000100000000)
  region size 1M, 0 eden (0M), 1 survivor (1M), 10 old (10M), 0 humongous (0M), 79 free (79M)
}
Event: 131985.514 {heap Before GC invocations=24 (full 0):
 garbage-first heap   total reserved 1001472K, committed 92160K, used 16033K [0x00000000c2e00000, 0x0000000100000000)
  region size 1M, 7 eden (7M), 1 survivor (1M), 10 old (10M), 0 humongous (0M), 72 free (72M)
}
Event: 131985.521 {heap After GC invocations=25 (full 0):
 garbage-first heap   total reserved 1001472K, committed 92160K, used 10711K [0x00000000c2e00000, 0x0000000100000000)
  region size 1M, 0 eden (0M), 1 survivor (1M), 10 old (10M), 0 humongous (0M), 79 free (79M)
}
Event: 131994.770 {heap Before GC invocations=25 (full 0):
 garbage-first heap   total reserved 1001472K, committed 92160K, used 17879K [0x00000000c2e00000, 0x0000000100000000)
  region size 1M, 7 eden (7M), 1 survivor (1M), 10 old (10M), 0 humongous (0M), 72 free (72M)
}
Event: 131994.883 {heap After GC invocations=26 (full 0):
 garbage-first heap   total reserved 1001472K, committed 92160K, used 11279K [0x00000000c2e00000, 0x0000000100000000)
  region size 1M, 0 eden (0M), 1 survivor (1M), 11 old (11M), 0 humongous (0M), 78 free (78M)
}
Event: 132019.821 {heap Before GC invocations=26 (full 0):
 garbage-first heap   total reserved 1001472K, committed 92160K, used 24591K [0x00000000c2e00000, 0x0000000100000000)
  region size 1M, 10 eden (10M), 1 survivor (1M), 11 old (11M), 3 humongous (3M), 65 free (65M)
}
Event: 132020.664 {heap After GC invocations=27 (full 0):
 garbage-first heap   total reserved 1001472K, committed 92160K, used 18874K [0x00000000c2e00000, 0x0000000100000000)
  region size 1M, 0 eden (0M), 2 survivor (2M), 14 old (14M), 3 humongous (3M), 71 free (71M)
}
Event: 132024.019 {heap Before GC invocations=27 (full 0):
 garbage-first heap   total reserved 1001472K, committed 92160K, used 23994K [0x00000000c2e00000, 0x0000000100000000)
  region size 1M, 2 eden (2M), 2 survivor (2M), 14 old (14M), 6 humongous (6M), 66 free (66M)
}
Event: 132024.161 {heap After GC invocations=28 (full 0):
 garbage-first heap   total reserved 1001472K, committed 92160K, used 22974K [0x00000000c2e00000, 0x0000000100000000)
  region size 1M, 0 eden (0M), 1 survivor (1M), 16 old (16M), 6 humongous (6M), 67 free (67M)
}
Event: 132024.697 {heap Before GC invocations=28 (full 0):
 garbage-first heap   total reserved 1001472K, committed 92160K, used 26046K [0x00000000c2e00000, 0x0000000100000000)
  region size 1M, 3 eden (3M), 1 survivor (1M), 16 old (16M), 6 humongous (6M), 64 free (64M)
}
Event: 132025.617 {heap After GC invocations=29 (full 0):
 garbage-first heap   total reserved 1001472K, committed 92160K, used 25728K [0x00000000c2e00000, 0x0000000100000000)
  region size 1M, 0 eden (0M), 1 survivor (1M), 19 old (19M), 6 humongous (6M), 64 free (64M)
}
Event: 132034.218 {heap Before GC invocations=29 (full 0):
 garbage-first heap   total reserved 1001472K, committed 92160K, used 27776K [0x00000000c2e00000, 0x0000000100000000)
  region size 1M, 3 eden (3M), 1 survivor (1M), 19 old (19M), 6 humongous (6M), 61 free (61M)
}
Event: 132034.280 {heap After GC invocations=30 (full 0):
 garbage-first heap   total reserved 1001472K, committed 92160K, used 27117K [0x00000000c2e00000, 0x0000000100000000)
  region size 1M, 0 eden (0M), 1 survivor (1M), 20 old (20M), 6 humongous (6M), 63 free (63M)
}
Event: 132041.606 {heap Before GC invocations=31 (full 0):
 garbage-first heap   total reserved 1001472K, committed 92160K, used 29165K [0x00000000c2e00000, 0x0000000100000000)
  region size 1M, 3 eden (3M), 1 survivor (1M), 19 old (19M), 6 humongous (6M), 61 free (61M)
}
Event: 132041.631 {heap After GC invocations=32 (full 0):
 garbage-first heap   total reserved 1001472K, committed 92160K, used 26838K [0x00000000c2e00000, 0x0000000100000000)
  region size 1M, 0 eden (0M), 1 survivor (1M), 20 old (20M), 6 humongous (6M), 63 free (63M)
}
Event: 132051.711 {heap Before GC invocations=32 (full 0):
 garbage-first heap   total reserved 1001472K, committed 92160K, used 29910K [0x00000000c2e00000, 0x0000000100000000)
  region size 1M, 3 eden (3M), 1 survivor (1M), 20 old (20M), 6 humongous (6M), 60 free (60M)
}
Event: 132051.749 {heap After GC invocations=33 (full 0):
 garbage-first heap   total reserved 1001472K, committed 92160K, used 26646K [0x00000000c2e00000, 0x0000000100000000)
  region size 1M, 0 eden (0M), 1 survivor (1M), 20 old (20M), 6 humongous (6M), 63 free (63M)
}
Event: 132058.267 {heap Before GC invocations=33 (full 0):
 garbage-first heap   total reserved 1001472K, committed 92160K, used 29718K [0x00000000c2e00000, 0x0000000100000000)
  region size 1M, 3 eden (3M), 1 survivor (1M), 20 old (20M), 6 humongous (6M), 60 free (60M)
}

